76 'test cases'

 1 =====================
TestDefaultSuppress
expected: {} got {}
expected: { foo: 'a' } got { foo: 'a' }
expected: { foo: 'a', bar: [ 'b' ] } got { foo: 'a', bar: [ 'b' ] }
expected: { baz: true } got { baz: true }
expected: { foo: 'a', baz: true } got { foo: 'a', baz: true }
expected: { bar: [ 'b' ], foo: 'a', baz: true } got { baz: true, foo: 'a', bar: [ 'b' ] }
successes tests: 6 of 6
[-x] TestDefaultSuppress: error: Unrecognized arguments: -x.

failure tests: 1 of 1

 2 =====================
TestEmptyAndSpaceContainingArguments
expected: { y: null, x: '' } got { x: '', y: null }
expected: { y: null, x: 'a badger' } got { x: 'a badger', y: null }
expected: { y: null, x: '-a badger' } got { x: '-a badger', y: null }
expected: { y: '', x: null } got { x: null, y: '' }
expected: { y: 'a badger', x: null } got { x: null, y: 'a badger' }
expected: { y: '-a badger', x: null } got { x: null, y: '-a badger' }
expected: { y: 'a badger', x: null } got { x: null, y: 'a badger' }
expected: { y: '-a badger', x: null } got { x: null, y: '-a badger' }
successes tests: 8 of 8
[-y] argument "-y/--yyy": Expected one argument.
failure tests: 1 of 1

 3 =====================
TestNargsRemainder
expected: { y: [], x: 'X', z: null } got { x: 'X', y: [], z: null }
expected: { y: [], x: 'X', z: 'Z' } got { x: 'X', y: [], z: 'Z' }
expected: { y: [ 'A', 'B', '-z', 'Z' ], x: 'X', z: null } got { x: 'X', y: [ 'A', 'B', '-z', 'Z' ], z: null }
expected: { y: [ 'Y', '--foo' ], x: 'X', z: null } got { x: 'X', y: [ 'Y', '--foo' ], z: null }
successes tests: 4 of 4
[] TestNargsRemainder: error: too few arguments

[-z] argument "-z": Expected one argument.
[-z Z] TestNargsRemainder: error: too few arguments

failure tests: 3 of 3

 4 =====================
TestNargsZeroOrMore
expected: { y: [], x: null } got { x: null, y: [] }
expected: { y: [], x: [] } got { x: [], y: [] }
expected: { y: [], x: [ 'a' ] } got { x: [ 'a' ], y: [] }
expected: { y: [ 'b' ], x: [ 'a' ] } got { x: [ 'a' ], y: [ 'b' ] }
expected: { y: [ 'a' ], x: null } got { x: null, y: [ 'a' ] }
expected: { y: [ 'a' ], x: [] } got { x: [], y: [ 'a' ] }
expected: { y: [ 'a' ], x: [ 'b' ] } got { x: [ 'b' ], y: [ 'a' ] }
successes tests: 7 of 7
failure tests: 0 of 0

 5 =====================
TestOptionLike
expected: { y: null, x: null, z: [] } got { x: null, y: null, z: [] }
expected: { y: null, x: 2.5, z: [] } got { x: 2.5, y: null, z: [] }
expected: { y: null, x: 2.5, z: [ 'a' ] } got { x: 2.5, y: null, z: [ 'a' ] }
expected: { y: 0.5, x: null, z: [] } got { x: null, y: 0.5, z: [] }
expected: { y: -0.5, x: null, z: [] } got { x: null, y: -0.5, z: [] }
expected: { y: 0.5, x: null, z: [] } got { x: null, y: 0.5, z: [] }
expected: { y: 0.5, x: null, z: [ 'a' ] } got { x: null, y: 0.5, z: [ 'a' ] }
expected: { y: null, x: null, z: [ 'a' ] } got { x: null, y: null, z: [ 'a' ] }
expected: { y: null, x: 1, z: [ 'a' ] } got { x: 1, y: null, z: [ 'a' ] }
expected: { y: null, x: 1, z: [ 'a' ] } got { x: 1, y: null, z: [ 'a' ] }
expected: { y: 1, x: null, z: [ 'a' ] } got { x: null, y: 1, z: [ 'a' ] }
successes tests: 11 of 11
[-x] argument "-x": Expected one argument.
[-y2.5] TestOptionLike: error: Unrecognized arguments: -y2.5.

[-xa] argument "-x": Invalid float value: a
[-x -a] argument "-x": Expected one argument.
[-x -3] argument "-x": Expected one argument.
[-x -3.5] argument "-x": Expected one argument.
[-3 -3.5] argument "-3": Expected one argument.
[-x -2.5] argument "-x": Expected one argument.
[-x -2.5 a] argument "-x": Expected one argument.
[-3 -.5] argument "-3": Expected one argument.
[a x -1] TestOptionLike: error: Unrecognized arguments: -1.

[-x -1 a] argument "-x": Expected one argument.
[-3 -1 a] argument "-3": Expected one argument.
failure tests: 13 of 13

 6 =====================
TestOptionalsActionAppend
expected: { baz: null } got { baz: null }
expected: { baz: [ 'a' ] } got { baz: [ 'a' ] }
expected: { baz: [ 'a', 'b' ] } got { baz: [ 'a', 'b' ] }
successes tests: 3 of 3
[a] TestOptionalsActionAppend: error: Unrecognized arguments: a.

[--baz] argument "--baz": Expected one argument.
[a --baz] argument "--baz": Expected one argument.
[--baz a b] TestOptionalsActionAppend: error: Unrecognized arguments: b.

failure tests: 4 of 4

 7 =====================
TestOptionalsActionAppendConst
expected: { b: null } got { b: null }
expected: { b: [ 'Exception' ] } got { b: [ 'Exception' ] }
expected: { b: [ 'Exception', 'x', 'Exception', 'yz' ] } got { b: [ 'Exception', 'x', 'Exception', 'yz' ] }
successes tests: 3 of 3
[a] TestOptionalsActionAppendConst: error: Unrecognized arguments: a.

[-c] argument "-c": Expected one argument.
[a -c] argument "-c": Expected one argument.
[-bx] argument "-b": ignored explicit argument %r
[-b x] TestOptionalsActionAppendConst: error: Unrecognized arguments: x.

failure tests: 5 of 5

 8 =====================
TestOptionalsActionAppendConstWithDefault
expected: { b: [ 'X' ] } got { b: [ 'X' ] }
expected: { b: [ 'X', 'Exception' ] } got { b: [ 'X', 'Exception' ] }
expected: { b: [ 'X', 'Exception', 'x', 'Exception', 'yz' ] } got { b: [ 'X', 'Exception', 'x', 'Exception', 'yz' ] }
successes tests: 3 of 3
[a] TestOptionalsActionAppendConstWithDefault: error: Unrecognized arguments: a.

[-c] argument "-c": Expected one argument.
[a -c] argument "-c": Expected one argument.
[-bx] argument "-b": ignored explicit argument %r
[-b x] TestOptionalsActionAppendConstWithDefault: error: Unrecognized arguments: x.

failure tests: 5 of 5

 9 =====================
TestOptionalsActionAppendWithDefault
expected: { baz: [ 'X' ] } got { baz: [ 'X' ] }
expected: { baz: [ 'X', 'a' ] } got { baz: [ 'X', 'a' ] }
expected: { baz: [ 'X', 'a', 'b' ] } got { baz: [ 'X', 'a', 'b' ] }
successes tests: 3 of 3
[a] TestOptionalsActionAppendWithDefault: error: Unrecognized arguments: a.

[--baz] argument "--baz": Expected one argument.
[a --baz] argument "--baz": Expected one argument.
[--baz a b] TestOptionalsActionAppendWithDefault: error: Unrecognized arguments: b.

failure tests: 4 of 4

 10 =====================
TestOptionalsActionCount
expected: { x: null } got { x: null }
expected: { x: 1 } got { x: 1 }
successes tests: 2 of 2
[a] TestOptionalsActionCount: error: Unrecognized arguments: a.

[-x a] TestOptionalsActionCount: error: Unrecognized arguments: a.

[-x b] TestOptionalsActionCount: error: Unrecognized arguments: b.

[-x a -x b] TestOptionalsActionCount: error: Unrecognized arguments: a b.

failure tests: 4 of 4

 11 =====================
TestOptionalsActionStore
expected: { x: null } got { x: null }
expected: { x: 'foo' } got { x: 'foo' }
successes tests: 2 of 2
[a] TestOptionalsActionStore: error: Unrecognized arguments: a.

[a -x] argument "-x": Expected one argument.
failure tests: 2 of 2

 12 =====================
TestOptionalsActionStoreConst
expected: { y: null } got { y: null }
expected: { y: 'object' } got { y: 'object' }
successes tests: 2 of 2
[a] TestOptionalsActionStoreConst: error: Unrecognized arguments: a.

failure tests: 1 of 1

 13 =====================
TestOptionalsActionStoreFalse
expected: { z: true } got { z: true }
expected: { z: false } got { z: false }
successes tests: 2 of 2
[a] TestOptionalsActionStoreFalse: error: Unrecognized arguments: a.

[-za] argument "-z": ignored explicit argument %r
[-z a] TestOptionalsActionStoreFalse: error: Unrecognized arguments: a.

failure tests: 3 of 3

 14 =====================
TestOptionalsActionStoreTrue
expected: { apple: false } got { apple: false }
expected: { apple: true } got { apple: true }
successes tests: 2 of 2
[a] TestOptionalsActionStoreTrue: error: Unrecognized arguments: a.

[--apple=b] [_.sprintf] huh?
[--apple b] TestOptionalsActionStoreTrue: error: Unrecognized arguments: b.

failure tests: 3 of 3

 15 =====================
TestOptionalsAlmostNumericAndPositionals
expected: { y: false, x: null } got { x: null, y: false }
expected: { y: false, x: '-2' } got { x: '-2', y: false }
expected: { y: false, x: 'a' } got { x: 'a', y: false }
expected: { y: true, x: null } got { x: null, y: true }
expected: { y: true, x: 'a' } got { x: 'a', y: true }
successes tests: 5 of 5
[-k3] TestOptionalsAlmostNumericAndPositionals: error: Unrecognized arguments: -k3.

failure tests: 1 of 1

 16 =====================
TestOptionalsAlternatePrefixChars
camelized: { add_help: false,
  prefix_chars: '+:/',
  addHelp: false,
  prefixChars: '+:/' }
expected: { bar: null, baz: null, f: false } got { f: false, bar: null, baz: null }
expected: { bar: null, baz: null, f: true } got { f: true, bar: null, baz: null }
expected: { bar: 'B', baz: null, f: false } got { f: false, bar: 'B', baz: null }
expected: { bar: 'B', baz: null, f: true } got { f: true, bar: 'B', baz: null }
expected: { bar: null, baz: 42, f: true } got { f: true, bar: null, baz: 42 }
expected: { bar: null, baz: 42, f: true } got { f: true, bar: null, baz: 42 }
successes tests: 6 of 6
[--bar] TestOptionalsAlternatePrefixChars: error: Unrecognized arguments: --bar.

[-fbar] TestOptionalsAlternatePrefixChars: error: Unrecognized arguments: -fbar.

[-b B] TestOptionalsAlternatePrefixChars: error: Unrecognized arguments: -b B.

[B] TestOptionalsAlternatePrefixChars: error: Unrecognized arguments: B.

[-f] TestOptionalsAlternatePrefixChars: error: Unrecognized arguments: -f.

[--bar B] TestOptionalsAlternatePrefixChars: error: Unrecognized arguments: --bar B.

[-baz] TestOptionalsAlternatePrefixChars: error: Unrecognized arguments: -baz.

[-h] TestOptionalsAlternatePrefixChars: error: Unrecognized arguments: -h.

[--help] TestOptionalsAlternatePrefixChars: error: Unrecognized arguments: --help.

[+h] TestOptionalsAlternatePrefixChars: error: Unrecognized arguments: +h.

[::help] TestOptionalsAlternatePrefixChars: error: Unrecognized arguments: ::help.

[/help] TestOptionalsAlternatePrefixChars: error: Unrecognized arguments: /help.

failure tests: 12 of 12

 17 =====================
TestOptionalsAlternatePrefixCharsAddedHelp
camelized: { add_help: true,
  prefix_chars: '+:/',
  addHelp: true,
  prefixChars: '+:/' }
expected: { bar: null, baz: null, f: false } got { f: false, bar: null, baz: null }
expected: { bar: null, baz: null, f: true } got { f: true, bar: null, baz: null }
expected: { bar: 'B', baz: null, f: false } got { f: false, bar: 'B', baz: null }
expected: { bar: 'B', baz: null, f: true } got { f: true, bar: 'B', baz: null }
expected: { bar: null, baz: 42, f: true } got { f: true, bar: null, baz: 42 }
expected: { bar: null, baz: 42, f: true } got { f: true, bar: null, baz: 42 }
successes tests: 6 of 6
[--bar] TestOptionalsAlternatePrefixCharsAddedHelp: error: Unrecognized arguments: --bar.

[-fbar] TestOptionalsAlternatePrefixCharsAddedHelp: error: Unrecognized arguments: -fbar.

[-b B] TestOptionalsAlternatePrefixCharsAddedHelp: error: Unrecognized arguments: -b B.

[B] TestOptionalsAlternatePrefixCharsAddedHelp: error: Unrecognized arguments: B.

[-f] TestOptionalsAlternatePrefixCharsAddedHelp: error: Unrecognized arguments: -f.

[--bar B] TestOptionalsAlternatePrefixCharsAddedHelp: error: Unrecognized arguments: --bar B.

[-baz] TestOptionalsAlternatePrefixCharsAddedHelp: error: Unrecognized arguments: -baz.

failure tests: 7 of 7

 18 =====================
TestOptionalsAlternatePrefixCharsMultipleShortArgs
camelized: { add_help: false,
  prefix_chars: '+-',
  addHelp: false,
  prefixChars: '+-' }
expected: { y: false, x: false, z: false } got { x: false, y: false, z: false }
expected: { y: false, x: true, z: false } got { x: true, y: false, z: false }
expected: { y: true, x: true, z: false } got { x: true, y: true, z: false }
expected: { y: true, x: true, z: true } got { x: true, y: true, z: true }
successes tests: 4 of 4
[-w] TestOptionalsAlternatePrefixCharsMultipleShortArgs: error: Unrecognized arguments: -w.

[-xyz] argument "-x": ignored explicit argument %r
[+x] TestOptionalsAlternatePrefixCharsMultipleShortArgs: error: Unrecognized arguments: +x.

[-y] TestOptionalsAlternatePrefixCharsMultipleShortArgs: error: Unrecognized arguments: -y.

[+xyz] TestOptionalsAlternatePrefixCharsMultipleShortArgs: error: Unrecognized arguments: +xyz.

failure tests: 5 of 5

 19 =====================
TestOptionalsChoices
expected: { g: null, f: null } got { f: null, g: null }
expected: { g: null, f: 'a' } got { f: 'a', g: null }
expected: { g: null, f: 'c' } got { f: 'c', g: null }
expected: { g: 0, f: null } got { f: null, g: 0 }
expected: { g: 3, f: null } got { f: null, g: 3 }
expected: { g: 4, f: 'b' } got { f: 'b', g: 4 }
successes tests: 6 of 6
[a] TestOptionalsChoices: error: Unrecognized arguments: a.

[-f d] argument "-f": Invalid choice: d (choose from [a, b, c])
[-fad] argument "-f": Invalid choice: ad (choose from [a, b, c])
[-ga] argument "-g": Invalid int value: a
[-g 6] argument "-g": Invalid choice: 6 (choose from [0, 1, 2, 3, 4])
failure tests: 5 of 5

 20 =====================
TestOptionalsDefault
expected: { y: 42, x: null } got { x: null, y: 42 }
expected: { y: 42, x: 'x' } got { x: 'x', y: 42 }
expected: { y: 'y', x: null } got { x: null, y: 'y' }
successes tests: 3 of 3
[a] TestOptionalsDefault: error: Unrecognized arguments: a.

failure tests: 1 of 1

 21 =====================
TestOptionalsDest
expected: { zabbaz: null, foo_bar: 'f' } got { foo_bar: 'f', zabbaz: null }
expected: { zabbaz: 'g', foo_bar: null } got { foo_bar: null, zabbaz: 'g' }
expected: { zabbaz: 'i', foo_bar: 'h' } got { foo_bar: 'h', zabbaz: 'i' }
expected: { zabbaz: 'j', foo_bar: 'k' } got { foo_bar: 'k', zabbaz: 'j' }
successes tests: 4 of 4
[a] TestOptionalsDest: error: Unrecognized arguments: a.

failure tests: 1 of 1

 22 =====================
TestOptionalsDoubleDash
expected: { foo: null } got { foo: null }
expected: { foo: 'a' } got { foo: 'a' }
expected: { foo: 'a' } got { foo: 'a' }
expected: { foo: '-2.5' } got { foo: '-2.5' }
expected: { foo: '-2.5' } got { foo: '-2.5' }
successes tests: 5 of 5
[--foo] argument "--foo": Expected one argument.
[-f] TestOptionalsDoubleDash: error: Unrecognized arguments: -f.

[-f a] TestOptionalsDoubleDash: error: Unrecognized arguments: -f a.

[a] TestOptionalsDoubleDash: error: Unrecognized arguments: a.

[--foo -x] argument "--foo": Expected one argument.
[--foo --bar] argument "--foo": Expected one argument.
failure tests: 6 of 6

 23 =====================
TestOptionalsDoubleDashPartialMatch
expected: { bat: null, badger: false } got { badger: false, bat: null }
expected: { bat: 'X', badger: false } got { badger: false, bat: 'X' }
expected: { bat: null, badger: true } got { badger: true, bat: null }
expected: { bat: null, badger: true } got { badger: true, bat: null }
expected: { bat: null, badger: true } got { badger: true, bat: null }
expected: { bat: null, badger: true } got { badger: true, bat: null }
successes tests: 6 of 6
[--bar] TestOptionalsDoubleDashPartialMatch: error: Unrecognized arguments: --bar.

[--b] TestOptionalsDoubleDashPartialMatch: error: Ambiguous option: "--b" could match --badger, --bat.

[--ba] TestOptionalsDoubleDashPartialMatch: error: Ambiguous option: "--ba" could match --badger, --bat.

[--b=2] TestOptionalsDoubleDashPartialMatch: error: Ambiguous option: "--b=2" could match --badger, --bat.

[--ba=4] TestOptionalsDoubleDashPartialMatch: error: Ambiguous option: "--ba=4" could match --badger, --bat.

[--badge 5] TestOptionalsDoubleDashPartialMatch: error: Unrecognized arguments: 5.

failure tests: 6 of 6

 24 =====================
TestOptionalsDoubleDashPrefixMatch
expected: { ba: null, badger: false } got { badger: false, ba: null }
expected: { ba: 'X', badger: false } got { badger: false, ba: 'X' }
expected: { ba: 'X', badger: false } got { badger: false, ba: 'X' }
expected: { ba: null, badger: true } got { badger: true, ba: null }
expected: { ba: null, badger: true } got { badger: true, ba: null }
expected: { ba: null, badger: true } got { badger: true, ba: null }
expected: { ba: null, badger: true } got { badger: true, ba: null }
successes tests: 7 of 7
[--bar] TestOptionalsDoubleDashPrefixMatch: error: Unrecognized arguments: --bar.

[--b] TestOptionalsDoubleDashPrefixMatch: error: Ambiguous option: "--b" could match --badger, --ba.

[--ba] argument "--ba": Expected one argument.
[--b=2] TestOptionalsDoubleDashPrefixMatch: error: Ambiguous option: "--b=2" could match --badger, --ba.

[--badge 5] TestOptionalsDoubleDashPrefixMatch: error: Unrecognized arguments: 5.

failure tests: 5 of 5

 25 =====================
TestOptionalsNargs1
expected: { x: null } got { x: null }
expected: { x: [ 'a' ] } got { x: [ 'a' ] }
successes tests: 2 of 2
[a] TestOptionalsNargs1: error: Unrecognized arguments: a.

[-x] argument "-x": Expected 1 argument(s)
failure tests: 2 of 2

 26 =====================
TestOptionalsNargs3
expected: { x: null } got { x: null }
expected: { x: [ 'a', 'b', 'c' ] } got { x: [ 'a', 'b', 'c' ] }
successes tests: 2 of 2
[a] TestOptionalsNargs3: error: Unrecognized arguments: a.

[-x] argument "-x": Expected 3 argument(s)
[-x a] argument "-x": Expected 3 argument(s)
[-x a b] argument "-x": Expected 3 argument(s)
[a -x] argument "-x": Expected 3 argument(s)
[a -x b] argument "-x": Expected 3 argument(s)
failure tests: 6 of 6

 27 =====================
TestOptionalsNargsDefault
expected: { x: null } got { x: null }
expected: { x: 'a' } got { x: 'a' }
successes tests: 2 of 2
[a] TestOptionalsNargsDefault: error: Unrecognized arguments: a.

[-x] argument "-x": Expected one argument.
failure tests: 2 of 2

 28 =====================
TestOptionalsNargsOneOrMore
expected: { y: 'spam', x: null } got { x: null, y: 'spam' }
expected: { y: 'spam', x: [ 'a' ] } got { x: [ 'a' ], y: 'spam' }
expected: { y: 'spam', x: [ 'a', 'b' ] } got { x: [ 'a', 'b' ], y: 'spam' }
expected: { y: [ 'a' ], x: null } got { x: null, y: [ 'a' ] }
expected: { y: [ 'a', 'b' ], x: null } got { x: null, y: [ 'a', 'b' ] }
successes tests: 5 of 5
[a] TestOptionalsNargsOneOrMore: error: Unrecognized arguments: a.

[-x] argument "-x": Expected at least one argument.
[-y] argument "-y": Expected at least one argument.
[a -x] argument "-x": Expected at least one argument.
[a -y b] TestOptionalsNargsOneOrMore: error: Unrecognized arguments: a.

failure tests: 5 of 5

 29 =====================
TestOptionalsNargsOptional
expected: { y: 'spam', x: null, z: 84, w: null } got { w: null, x: null, y: 'spam', z: 84 }
expected: { y: 'spam', x: null, z: 84, w: null } got { w: null, x: null, y: 'spam', z: 84 }
expected: { y: 'spam', x: null, z: 84, w: '2' } got { w: '2', x: null, y: 'spam', z: 84 }
expected: { y: 'spam', x: 42, z: 84, w: null } got { w: null, x: 42, y: 'spam', z: 84 }
expected: { y: 'spam', x: '2', z: 84, w: null } got { w: null, x: '2', y: 'spam', z: 84 }
expected: { y: null, x: null, z: 84, w: null } got { w: null, x: null, y: null, z: 84 }
expected: { y: '2', x: null, z: 84, w: null } got { w: null, x: null, y: '2', z: 84 }
expected: { y: 'spam', x: null, z: 42, w: null } got { w: null, x: null, y: 'spam', z: 42 }
expected: { y: 'spam', x: null, z: 2, w: null } got { w: null, x: null, y: 'spam', z: 2 }
successes tests: 9 of 9
[2] TestOptionalsNargsOptional: error: Unrecognized arguments: 2.

failure tests: 1 of 1

 30 =====================
TestOptionalsNargsZeroOrMore
expected: { y: 'spam', x: null } got { x: null, y: 'spam' }
expected: { y: 'spam', x: [] } got { x: [], y: 'spam' }
expected: { y: 'spam', x: [ 'a' ] } got { x: [ 'a' ], y: 'spam' }
expected: { y: 'spam', x: [ 'a', 'b' ] } got { x: [ 'a', 'b' ], y: 'spam' }
expected: { y: [], x: null } got { x: null, y: [] }
expected: { y: [ 'a' ], x: null } got { x: null, y: [ 'a' ] }
expected: { y: [ 'a', 'b' ], x: null } got { x: null, y: [ 'a', 'b' ] }
successes tests: 7 of 7
[a] TestOptionalsNargsZeroOrMore: error: Unrecognized arguments: a.

failure tests: 1 of 1

 31 =====================
TestOptionalsNumeric
expected: { one: null } got { one: null }
expected: { one: 'a' } got { one: 'a' }
expected: { one: 'a' } got { one: 'a' }
expected: { one: '-2' } got { one: '-2' }
successes tests: 4 of 4
[-1] argument "-1": Expected one argument.
[a] TestOptionalsNumeric: error: Unrecognized arguments: a.

[-1 --foo] argument "-1": Expected one argument.
[-1 -y] argument "-1": Expected one argument.
[-1 -1] argument "-1": Expected one argument.
[-1 -2] argument "-1": Expected one argument.
failure tests: 6 of 6

 32 =====================
TestOptionalsNumericAndPositionals
expected: { y: false, x: null } got { x: null, y: false }
expected: { y: false, x: 'a' } got { x: 'a', y: false }
expected: { y: true, x: null } got { x: null, y: true }
expected: { y: true, x: 'a' } got { x: 'a', y: true }
successes tests: 4 of 4
[-2] TestOptionalsNumericAndPositionals: error: Unrecognized arguments: -2.

[-315] TestOptionalsNumericAndPositionals: error: Unrecognized arguments: -315.

failure tests: 2 of 2

 33 =====================
TestOptionalsRequired
expected: { x: 1 } got { x: 1 }
expected: { x: 42 } got { x: 42 }
successes tests: 2 of 2
[a] TestOptionalsRequired: error: Argument "-x" is required

[] TestOptionalsRequired: error: Argument "-x" is required

failure tests: 2 of 2

 34 =====================
TestOptionalsShortLong
expected: { verbose: false } got { verbose: false }
expected: { verbose: true } got { verbose: true }
expected: { verbose: true } got { verbose: true }
expected: { verbose: true } got { verbose: true }
expected: { verbose: true } got { verbose: true }
successes tests: 5 of 5
[--x --verbose] TestOptionalsShortLong: error: Unrecognized arguments: --x.

[-N] TestOptionalsShortLong: error: Unrecognized arguments: -N.

[a] TestOptionalsShortLong: error: Unrecognized arguments: a.

[-v x] TestOptionalsShortLong: error: Unrecognized arguments: x.

failure tests: 4 of 4

 35 =====================
TestOptionalsSingleDash
expected: { x: null } got { x: null }
expected: { x: 'a' } got { x: 'a' }
expected: { x: 'a' } got { x: 'a' }
expected: { x: '-1' } got { x: '-1' }
expected: { x: '-1' } got { x: '-1' }
successes tests: 5 of 5
[-x] argument "-x": Expected one argument.
[a] TestOptionalsSingleDash: error: Unrecognized arguments: a.

[--foo] TestOptionalsSingleDash: error: Unrecognized arguments: --foo.

[-x --foo] argument "-x": Expected one argument.
[-x -y] argument "-x": Expected one argument.
failure tests: 5 of 5

 36 =====================
TestOptionalsSingleDashAmbiguous
expected: { foorab: null, foobar: null } got { foobar: null, foorab: null }
expected: { foorab: null, foobar: 'a' } got { foobar: 'a', foorab: null }
expected: { foorab: 'a', foobar: null } got { foobar: null, foorab: 'a' }
expected: { foorab: null, foobar: 'a' } got { foobar: 'a', foorab: null }
expected: { foorab: 'a', foobar: null } got { foobar: null, foorab: 'a' }
expected: { foorab: null, foobar: 'a' } got { foobar: 'a', foorab: null }
expected: { foorab: 'a', foobar: null } got { foobar: null, foorab: 'a' }
successes tests: 7 of 7
[-f] TestOptionalsSingleDashAmbiguous: error: Ambiguous option: "-f" could match -foobar, -foorab.

[-f a] TestOptionalsSingleDashAmbiguous: error: Ambiguous option: "-f" could match -foobar, -foorab.

[-fa] TestOptionalsSingleDashAmbiguous: error: Unrecognized arguments: -fa.

[-foa] TestOptionalsSingleDashAmbiguous: error: Unrecognized arguments: -foa.

[-foo] TestOptionalsSingleDashAmbiguous: error: Ambiguous option: "-foo" could match -foobar, -foorab.

[-fo] TestOptionalsSingleDashAmbiguous: error: Ambiguous option: "-fo" could match -foobar, -foorab.

[-foo b] TestOptionalsSingleDashAmbiguous: error: Ambiguous option: "-foo" could match -foobar, -foorab.

failure tests: 7 of 7

 37 =====================
TestOptionalsSingleDashCombined
expected: { x: false, z: null, yyy: null } got { x: false, yyy: null, z: null }
expected: { x: true, z: null, yyy: null } got { x: true, yyy: null, z: null }
expected: { x: false, z: 'a', yyy: null } got { x: false, yyy: null, z: 'a' }
expected: { x: false, z: 'a', yyy: null } got { x: false, yyy: null, z: 'a' }
expected: { x: true, z: 'a', yyy: null } got { x: true, yyy: null, z: 'a' }
expected: { x: true, z: 'a', yyy: null } got { x: true, yyy: null, z: 'a' }
expected: { x: true, z: 'a', yyy: null } got { x: true, yyy: null, z: 'a' }
expected: { x: true, z: 'a', yyy: null } got { x: true, yyy: null, z: 'a' }
expected: { x: false, z: null, yyy: 42 } got { x: false, yyy: 42, z: null }
expected: { x: false, z: null, yyy: 42 } got { x: false, yyy: 42, z: null }
expected: { x: true, z: 'a', yyy: 42 } got { x: true, yyy: 42, z: 'a' }
expected: { x: true, z: 'a', yyy: 42 } got { x: true, yyy: 42, z: 'a' }
successes tests: 12 of 12
[a] TestOptionalsSingleDashCombined: error: Unrecognized arguments: a.

[--foo] TestOptionalsSingleDashCombined: error: Unrecognized arguments: --foo.

[-xa] argument "-x": ignored explicit argument %r
[-x --foo] TestOptionalsSingleDashCombined: error: Unrecognized arguments: --foo.

[-x -z] argument "-z": Expected one argument.
[-z -x] argument "-z": Expected one argument.
[-yx] TestOptionalsSingleDashCombined: error: Unrecognized arguments: -yx.

[-yz a] TestOptionalsSingleDashCombined: error: Unrecognized arguments: -yz a.

[-yyyx] TestOptionalsSingleDashCombined: error: Unrecognized arguments: -yyyx.

[-yyyza] TestOptionalsSingleDashCombined: error: Unrecognized arguments: -yyyza.

[-xyza] argument "-x": ignored explicit argument %r
failure tests: 11 of 11

 38 =====================
TestOptionalsSingleDashLong
expected: { foo: null } got { foo: null }
expected: { foo: 'a' } got { foo: 'a' }
expected: { foo: '-1' } got { foo: '-1' }
expected: { foo: 'a' } got { foo: 'a' }
expected: { foo: 'a' } got { foo: 'a' }
successes tests: 5 of 5
[-foo] argument "-foo": Expected one argument.
[a] TestOptionalsSingleDashLong: error: Unrecognized arguments: a.

[--foo] TestOptionalsSingleDashLong: error: Unrecognized arguments: --foo.

[-foo --foo] argument "-foo": Expected one argument.
[-foo -y] argument "-foo": Expected one argument.
[-fooa] TestOptionalsSingleDashLong: error: Unrecognized arguments: -fooa.

failure tests: 6 of 6

 39 =====================
TestOptionalsSingleDashSubsetAmbiguous
expected: { foorab: null, f: null, foobar: null } got { f: null, foobar: null, foorab: null }
expected: { foorab: null, f: 'a', foobar: null } got { f: 'a', foobar: null, foorab: null }
expected: { foorab: null, f: 'a', foobar: null } got { f: 'a', foobar: null, foorab: null }
expected: { foorab: null, f: 'oa', foobar: null } got { f: 'oa', foobar: null, foorab: null }
expected: { foorab: null, f: 'ooa', foobar: null } got { f: 'ooa', foobar: null, foorab: null }
expected: { foorab: null, f: null, foobar: 'a' } got { f: null, foobar: 'a', foorab: null }
expected: { foorab: 'a', f: null, foobar: null } got { f: null, foobar: null, foorab: 'a' }
successes tests: 7 of 7
[-f] argument "-f": Expected one argument.
[-foo] TestOptionalsSingleDashSubsetAmbiguous: error: Ambiguous option: "-foo" could match -f, -foobar, -foorab.

[-fo] TestOptionalsSingleDashSubsetAmbiguous: error: Ambiguous option: "-fo" could match -f, -foobar, -foorab.

[-foo b] TestOptionalsSingleDashSubsetAmbiguous: error: Ambiguous option: "-foo" could match -f, -foobar, -foorab.

[-foob] TestOptionalsSingleDashSubsetAmbiguous: error: Ambiguous option: "-foob" could match -f, -foobar.

[-fooba] TestOptionalsSingleDashSubsetAmbiguous: error: Ambiguous option: "-fooba" could match -f, -foobar.

[-foora] TestOptionalsSingleDashSubsetAmbiguous: error: Ambiguous option: "-foora" could match -f, -foorab.

failure tests: 7 of 7

 40 =====================
TestOptionalsSingleDoubleDash
expected: { bar: null, baz: null, f: false } got { f: false, bar: null, baz: null }
expected: { bar: null, baz: null, f: true } got { f: true, bar: null, baz: null }
expected: { bar: 'B', baz: null, f: false } got { f: false, bar: 'B', baz: null }
expected: { bar: 'B', baz: null, f: true } got { f: true, bar: 'B', baz: null }
expected: { bar: null, baz: 42, f: true } got { f: true, bar: null, baz: 42 }
expected: { bar: null, baz: 42, f: true } got { f: true, bar: null, baz: 42 }
successes tests: 6 of 6
[--bar] argument "--bar": Expected one argument.
[-fbar] argument "-f": ignored explicit argument %r
[-fbaz] argument "-f": ignored explicit argument %r
[-bazf] TestOptionalsSingleDoubleDash: error: Unrecognized arguments: -bazf.

[-b B] TestOptionalsSingleDoubleDash: error: Unrecognized arguments: B.

[B] TestOptionalsSingleDoubleDash: error: Unrecognized arguments: B.

failure tests: 6 of 6

 41 =====================
TestParserDefault42
camelized: { version: '1.0', argument_default: 42, argumentDefault: 42 }
expected: { bar: 42, foo: 42, baz: 42 } got { foo: 42, bar: 42, baz: 42 }
expected: { bar: 42, foo: 'a', baz: 42 } got { foo: 'a', bar: 42, baz: 42 }
expected: { bar: [ 'b' ], foo: 'a', baz: 42 } got { foo: 'a', bar: [ 'b' ], baz: 42 }
expected: { bar: 42, foo: 42, baz: true } got { foo: 42, bar: 42, baz: true }
expected: { bar: 42, foo: 'a', baz: true } got { foo: 'a', bar: 42, baz: true }
expected: { bar: [ 'b' ], foo: 'a', baz: true } got { foo: 'a', bar: [ 'b' ], baz: true }
successes tests: 6 of 6
[-x] TestParserDefault42: error: Unrecognized arguments: -x.

failure tests: 1 of 1

 42 =====================
TestParserDefaultSuppress
camelized: { argument_default: '==SUPPRESS==',
  argumentDefault: '==SUPPRESS==' }
expected: {} got {}
expected: { foo: 'a' } got { foo: 'a' }
expected: { foo: 'a', bar: [ 'b' ] } got { foo: 'a', bar: [ 'b' ] }
expected: { baz: true } got { baz: true }
expected: { foo: 'a', baz: true } got { foo: 'a', baz: true }
expected: { bar: [ 'b' ], foo: 'a', baz: true } got { baz: true, foo: 'a', bar: [ 'b' ] }
successes tests: 6 of 6
[-x] TestParserDefaultSuppress: error: Unrecognized arguments: -x.

failure tests: 1 of 1

 43 =====================
TestPositionalsActionAppend
expected: { spam: [ 'a', [ 'b', 'c' ] ] } got { spam: [ 'a', [ 'b', 'c' ] ] }
successes tests: 1 of 1
[] TestPositionalsActionAppend: error: too few arguments

[--foo] TestPositionalsActionAppend: error: too few arguments

[a] TestPositionalsActionAppend: error: too few arguments

[a b] TestPositionalsActionAppend: error: too few arguments

[a b c d] TestPositionalsActionAppend: error: Unrecognized arguments: d.

failure tests: 5 of 5

 44 =====================
TestPositionalsChoicesInt
expected: { spam: 4 } got { spam: 4 }
expected: { spam: 15 } got { spam: 15 }
successes tests: 2 of 2
[] TestPositionalsChoicesInt: error: too few arguments

[--foo] TestPositionalsChoicesInt: error: too few arguments

[h] argument "spam": Invalid int value: h
[42] argument "spam": Invalid choice: 42 (choose from [0, 1, 2, 3, 4, 5, 6, 7, 8, 9, 10, 11, 12, 13, 14, 15, 16, 17, 18, 19])
[ef] argument "spam": Invalid int value: ef
failure tests: 5 of 5

 45 =====================
TestPositionalsChoicesString
expected: { spam: 'a' } got { spam: 'a' }
expected: { spam: 'g' } got { spam: 'g' }
successes tests: 2 of 2
[] TestPositionalsChoicesString: error: too few arguments

[--foo] TestPositionalsChoicesString: error: too few arguments

[h] argument "spam": Invalid choice: h (choose from [a, b, c, d, e, f, g])
[42] argument "spam": Invalid choice: 42 (choose from [a, b, c, d, e, f, g])
[ef] argument "spam": Invalid choice: ef (choose from [a, b, c, d, e, f, g])
failure tests: 5 of 5

 46 =====================
TestPositionalsNargs1
expected: { foo: [ 'a' ] } got { foo: [ 'a' ] }
successes tests: 1 of 1
[] TestPositionalsNargs1: error: too few arguments

[-x] TestPositionalsNargs1: error: too few arguments

[a b] TestPositionalsNargs1: error: Unrecognized arguments: b.

failure tests: 3 of 3

 47 =====================
TestPositionalsNargs2
expected: { foo: [ 'a', 'b' ] } got { foo: [ 'a', 'b' ] }
successes tests: 1 of 1
[] TestPositionalsNargs2: error: too few arguments

[a] TestPositionalsNargs2: error: too few arguments

[-x] TestPositionalsNargs2: error: too few arguments

[a b c] TestPositionalsNargs2: error: Unrecognized arguments: c.

failure tests: 4 of 4

 48 =====================
TestPositionalsNargs2None
expected: { foo: [ 'a', 'b' ], bar: 'c' } got { foo: [ 'a', 'b' ], bar: 'c' }
successes tests: 1 of 1
[] TestPositionalsNargs2None: error: too few arguments

[--foo] TestPositionalsNargs2None: error: too few arguments

[a] TestPositionalsNargs2None: error: too few arguments

[a b] TestPositionalsNargs2None: error: too few arguments

[a b c d] TestPositionalsNargs2None: error: Unrecognized arguments: d.

failure tests: 5 of 5

 49 =====================
TestPositionalsNargs2OneOrMore
expected: { foo: [ 'a', 'b' ], bar: [ 'c' ] } got { foo: [ 'a', 'b' ], bar: [ 'c' ] }
successes tests: 1 of 1
[] TestPositionalsNargs2OneOrMore: error: too few arguments

[--foo] TestPositionalsNargs2OneOrMore: error: too few arguments

[a] TestPositionalsNargs2OneOrMore: error: too few arguments

[a b] TestPositionalsNargs2OneOrMore: error: too few arguments

failure tests: 4 of 4

 50 =====================
TestPositionalsNargs2Optional
expected: { foo: [ 'a', 'b' ], bar: null } got { foo: [ 'a', 'b' ], bar: null }
expected: { foo: [ 'a', 'b' ], bar: 'c' } got { foo: [ 'a', 'b' ], bar: 'c' }
successes tests: 2 of 2
[] TestPositionalsNargs2Optional: error: too few arguments

[--foo] TestPositionalsNargs2Optional: error: too few arguments

[a] TestPositionalsNargs2Optional: error: too few arguments

[a b c d] TestPositionalsNargs2Optional: error: Unrecognized arguments: d.

failure tests: 4 of 4

 51 =====================
TestPositionalsNargs2ZeroOrMore
expected: { foo: [ 'a', 'b' ], bar: [] } got { foo: [ 'a', 'b' ], bar: [] }
expected: { foo: [ 'a', 'b' ], bar: [ 'c' ] } got { foo: [ 'a', 'b' ], bar: [ 'c' ] }
successes tests: 2 of 2
[] TestPositionalsNargs2ZeroOrMore: error: too few arguments

[--foo] TestPositionalsNargs2ZeroOrMore: error: too few arguments

[a] TestPositionalsNargs2ZeroOrMore: error: too few arguments

failure tests: 3 of 3

 52 =====================
TestPositionalsNargsNone
expected: { foo: 'a' } got { foo: 'a' }
successes tests: 1 of 1
[] TestPositionalsNargsNone: error: too few arguments

[-x] TestPositionalsNargsNone: error: too few arguments

[a b] TestPositionalsNargsNone: error: Unrecognized arguments: b.

failure tests: 3 of 3

 53 =====================
TestPositionalsNargsNone1
expected: { foo: 'a', bar: [ 'b' ] } got { foo: 'a', bar: [ 'b' ] }
successes tests: 1 of 1
[] TestPositionalsNargsNone1: error: too few arguments

[--foo] TestPositionalsNargsNone1: error: too few arguments

[a] TestPositionalsNargsNone1: error: too few arguments

[a b c] TestPositionalsNargsNone1: error: Unrecognized arguments: c.

failure tests: 4 of 4

 54 =====================
TestPositionalsNargsNoneNone
expected: { foo: 'a', bar: 'b' } got { foo: 'a', bar: 'b' }
successes tests: 1 of 1
[] TestPositionalsNargsNoneNone: error: too few arguments

[-x] TestPositionalsNargsNoneNone: error: too few arguments

[a] TestPositionalsNargsNoneNone: error: too few arguments

[a b c] TestPositionalsNargsNoneNone: error: Unrecognized arguments: c.

failure tests: 4 of 4

 55 =====================
TestPositionalsNargsNoneOneOrMore
expected: { foo: 'a', bar: [ 'b' ] } got { foo: 'a', bar: [ 'b' ] }
expected: { foo: 'a', bar: [ 'b', 'c' ] } got { foo: 'a', bar: [ 'b', 'c' ] }
successes tests: 2 of 2
[] TestPositionalsNargsNoneOneOrMore: error: too few arguments

[--foo] TestPositionalsNargsNoneOneOrMore: error: too few arguments

[a] TestPositionalsNargsNoneOneOrMore: error: too few arguments

failure tests: 3 of 3

 56 =====================
TestPositionalsNargsNoneOneOrMore1
expected: { bar: [ 'b' ], foo: 'a', baz: [ 'c' ] } got { foo: 'a', bar: [ 'b' ], baz: [ 'c' ] }
expected: { bar: [ 'b', 'c' ], foo: 'a', baz: [ 'd' ] } got { foo: 'a', bar: [ 'b', 'c' ], baz: [ 'd' ] }
successes tests: 2 of 2
[] TestPositionalsNargsNoneOneOrMore1: error: too few arguments

[--foo] TestPositionalsNargsNoneOneOrMore1: error: too few arguments

[a] TestPositionalsNargsNoneOneOrMore1: error: too few arguments

[b] TestPositionalsNargsNoneOneOrMore1: error: too few arguments

failure tests: 4 of 4

 57 =====================
TestPositionalsNargsNoneOptional
expected: { foo: 'a', bar: null } got { foo: 'a', bar: null }
expected: { foo: 'a', bar: 'b' } got { foo: 'a', bar: 'b' }
successes tests: 2 of 2
[] TestPositionalsNargsNoneOptional: error: too few arguments

[--foo] TestPositionalsNargsNoneOptional: error: too few arguments

[a b c] TestPositionalsNargsNoneOptional: error: Unrecognized arguments: c.

failure tests: 3 of 3

 58 =====================
TestPositionalsNargsNoneOptional1
expected: { bar: 0.625, foo: 'a', baz: [ 'b' ] } got { foo: 'a', bar: 0.625, baz: [ 'b' ] }
expected: { bar: 'b', foo: 'a', baz: [ 'c' ] } got { foo: 'a', bar: 'b', baz: [ 'c' ] }
successes tests: 2 of 2
[] TestPositionalsNargsNoneOptional1: error: too few arguments

[--foo] TestPositionalsNargsNoneOptional1: error: too few arguments

[a] TestPositionalsNargsNoneOptional1: error: too few arguments

failure tests: 3 of 3

 59 =====================
TestPositionalsNargsNoneZeroOrMore
expected: { foo: 'a', bar: [] } got { foo: 'a', bar: [] }
expected: { foo: 'a', bar: [ 'b' ] } got { foo: 'a', bar: [ 'b' ] }
expected: { foo: 'a', bar: [ 'b', 'c' ] } got { foo: 'a', bar: [ 'b', 'c' ] }
successes tests: 3 of 3
[] TestPositionalsNargsNoneZeroOrMore: error: too few arguments

[--foo] TestPositionalsNargsNoneZeroOrMore: error: too few arguments

failure tests: 2 of 2

 60 =====================
TestPositionalsNargsNoneZeroOrMore1
expected: { bar: [], foo: 'a', baz: [ 'b' ] } got { foo: 'a', bar: [], baz: [ 'b' ] }
expected: { bar: [ 'b' ], foo: 'a', baz: [ 'c' ] } got { foo: 'a', bar: [ 'b' ], baz: [ 'c' ] }
successes tests: 2 of 2
[] TestPositionalsNargsNoneZeroOrMore1: error: too few arguments

[--foo] TestPositionalsNargsNoneZeroOrMore1: error: too few arguments

[a] TestPositionalsNargsNoneZeroOrMore1: error: too few arguments

failure tests: 3 of 3

 61 =====================
TestPositionalsNargsOneOrMore
expected: { foo: [ 'a' ] } got { foo: [ 'a' ] }
expected: { foo: [ 'a', 'b' ] } got { foo: [ 'a', 'b' ] }
successes tests: 2 of 2
[] TestPositionalsNargsOneOrMore: error: too few arguments

[-x] TestPositionalsNargsOneOrMore: error: too few arguments

failure tests: 2 of 2

 62 =====================
TestPositionalsNargsOneOrMore1
expected: { foo: [ 'a' ], bar: [ 'b' ] } got { foo: [ 'a' ], bar: [ 'b' ] }
expected: { foo: [ 'a', 'b' ], bar: [ 'c' ] } got { foo: [ 'a', 'b' ], bar: [ 'c' ] }
successes tests: 2 of 2
[] TestPositionalsNargsOneOrMore1: error: too few arguments

[--foo] TestPositionalsNargsOneOrMore1: error: too few arguments

[a] TestPositionalsNargsOneOrMore1: error: too few arguments

failure tests: 3 of 3

 63 =====================
TestPositionalsNargsOneOrMoreNone
expected: { foo: [ 'a' ], bar: 'b' } got { foo: [ 'a' ], bar: 'b' }
expected: { foo: [ 'a', 'b' ], bar: 'c' } got { foo: [ 'a', 'b' ], bar: 'c' }
successes tests: 2 of 2
[] TestPositionalsNargsOneOrMoreNone: error: too few arguments

[--foo] TestPositionalsNargsOneOrMoreNone: error: too few arguments

[a] TestPositionalsNargsOneOrMoreNone: error: too few arguments

failure tests: 3 of 3

 64 =====================
TestPositionalsNargsOptional
expected: { foo: null } got { foo: null }
expected: { foo: 'a' } got { foo: 'a' }
successes tests: 2 of 2
[-x] TestPositionalsNargsOptional: error: Unrecognized arguments: -x.

[a b] TestPositionalsNargsOptional: error: Unrecognized arguments: b.

failure tests: 2 of 2

 65 =====================
TestPositionalsNargsOptional1
expected: { foo: null, bar: [ 'a' ] } got { foo: null, bar: [ 'a' ] }
expected: { foo: 'a', bar: [ 'b' ] } got { foo: 'a', bar: [ 'b' ] }
successes tests: 2 of 2
[] TestPositionalsNargsOptional1: error: too few arguments

[--foo] TestPositionalsNargsOptional1: error: too few arguments

[a b c] TestPositionalsNargsOptional1: error: Unrecognized arguments: c.

failure tests: 3 of 3

 66 =====================
TestPositionalsNargsOptionalConvertedDefault
expected: { foo: 42 } got { foo: 42 }
expected: { foo: 1 } got { foo: 1 }
successes tests: 2 of 2
[-x] TestPositionalsNargsOptionalConvertedDefault: error: Unrecognized arguments: -x.

[a b] argument "foo": Invalid int value: a
[1 2] TestPositionalsNargsOptionalConvertedDefault: error: Unrecognized arguments: 2.

failure tests: 3 of 3

 67 =====================
TestPositionalsNargsOptionalDefault
expected: { foo: 42 } got { foo: 42 }
expected: { foo: 'a' } got { foo: 'a' }
successes tests: 2 of 2
[-x] TestPositionalsNargsOptionalDefault: error: Unrecognized arguments: -x.

[a b] TestPositionalsNargsOptionalDefault: error: Unrecognized arguments: b.

failure tests: 2 of 2

 68 =====================
TestPositionalsNargsOptionalNone
expected: { foo: 42, bar: 'a' } got { foo: 42, bar: 'a' }
expected: { foo: 'a', bar: 'b' } got { foo: 'a', bar: 'b' }
successes tests: 2 of 2
[] TestPositionalsNargsOptionalNone: error: too few arguments

[--foo] TestPositionalsNargsOptionalNone: error: too few arguments

[a b c] TestPositionalsNargsOptionalNone: error: Unrecognized arguments: c.

failure tests: 3 of 3

 69 =====================
TestPositionalsNargsOptionalOneOrMore
expected: { foo: null, bar: [ 'a' ] } got { foo: null, bar: [ 'a' ] }
expected: { foo: 'a', bar: [ 'b' ] } got { foo: 'a', bar: [ 'b' ] }
expected: { foo: 'a', bar: [ 'b', 'c' ] } got { foo: 'a', bar: [ 'b', 'c' ] }
successes tests: 3 of 3
[] TestPositionalsNargsOptionalOneOrMore: error: too few arguments

[--foo] TestPositionalsNargsOptionalOneOrMore: error: too few arguments

failure tests: 2 of 2

 70 =====================
TestPositionalsNargsOptionalOptional
expected: { foo: null, bar: 42 } got { foo: null, bar: 42 }
expected: { foo: 'a', bar: 42 } got { foo: 'a', bar: 42 }
expected: { foo: 'a', bar: 'b' } got { foo: 'a', bar: 'b' }
successes tests: 3 of 3
[--foo] TestPositionalsNargsOptionalOptional: error: Unrecognized arguments: --foo.

[a b c] TestPositionalsNargsOptionalOptional: error: Unrecognized arguments: c.

failure tests: 2 of 2

 71 =====================
TestPositionalsNargsOptionalZeroOrMore
expected: { foo: null, bar: [] } got { foo: null, bar: [] }
expected: { foo: 'a', bar: [] } got { foo: 'a', bar: [] }
expected: { foo: 'a', bar: [ 'b' ] } got { foo: 'a', bar: [ 'b' ] }
expected: { foo: 'a', bar: [ 'b', 'c' ] } got { foo: 'a', bar: [ 'b', 'c' ] }
successes tests: 4 of 4
[--foo] TestPositionalsNargsOptionalZeroOrMore: error: Unrecognized arguments: --foo.

failure tests: 1 of 1

 72 =====================
TestPositionalsNargsZeroOrMore
expected: { foo: [] } got { foo: [] }
expected: { foo: [ 'a' ] } got { foo: [ 'a' ] }
expected: { foo: [ 'a', 'b' ] } got { foo: [ 'a', 'b' ] }
successes tests: 3 of 3
[-x] TestPositionalsNargsZeroOrMore: error: Unrecognized arguments: -x.

failure tests: 1 of 1

 73 =====================
TestPositionalsNargsZeroOrMore1
expected: { foo: [], bar: [ 'a' ] } got { foo: [], bar: [ 'a' ] }
expected: { foo: [ 'a' ], bar: [ 'b' ] } got { foo: [ 'a' ], bar: [ 'b' ] }
expected: { foo: [ 'a', 'b' ], bar: [ 'c' ] } got { foo: [ 'a', 'b' ], bar: [ 'c' ] }
successes tests: 3 of 3
[] TestPositionalsNargsZeroOrMore1: error: too few arguments

[--foo] TestPositionalsNargsZeroOrMore1: error: too few arguments

failure tests: 2 of 2

 74 =====================
TestPositionalsNargsZeroOrMoreDefault
expected: { foo: 'bar' } got { foo: 'bar' }
expected: { foo: [ 'a' ] } got { foo: [ 'a' ] }
expected: { foo: [ 'a', 'b' ] } got { foo: [ 'a', 'b' ] }
successes tests: 3 of 3
[-x] TestPositionalsNargsZeroOrMoreDefault: error: Unrecognized arguments: -x.

failure tests: 1 of 1

 75 =====================
TestPositionalsNargsZeroOrMoreNone
expected: { foo: [], bar: 'a' } got { foo: [], bar: 'a' }
expected: { foo: [ 'a' ], bar: 'b' } got { foo: [ 'a' ], bar: 'b' }
expected: { foo: [ 'a', 'b' ], bar: 'c' } got { foo: [ 'a', 'b' ], bar: 'c' }
successes tests: 3 of 3
[] TestPositionalsNargsZeroOrMoreNone: error: too few arguments

[--foo] TestPositionalsNargsZeroOrMoreNone: error: too few arguments

failure tests: 2 of 2

 76 =====================
TestPrefixCharacterOnlyArguments
camelized: { prefix_chars: '-+', prefixChars: '-+' }
expected: { y: 42, x: null, z: false } got { x: null, y: 42, z: false }
expected: { y: 42, x: 'badger', z: false } got { x: 'badger', y: 42, z: false }
expected: { y: 42, x: 'X', z: false } got { x: 'X', y: 42, z: false }
expected: { y: -3, x: null, z: false } got { x: null, y: -3, z: false }
expected: { y: 42, x: null, z: true } got { x: null, y: 42, z: true }
expected: { y: 42, x: '===', z: false } got { x: '===', y: 42, z: false }
successes tests: 6 of 6
[-y] TestPrefixCharacterOnlyArguments: error: Unrecognized arguments: -y.

[+ -] argument "+": Expected one argument.
failure tests: 2 of 2
